#
# There is insufficient memory for the Java Runtime Environment to continue.
# Native memory allocation (malloc) failed to allocate 32744 bytes for ChunkPool::allocate
# Possible reasons:
#   The system is out of physical RAM or swap space
#   The process is running with CompressedOops enabled, and the Java Heap may be blocking the growth of the native heap
# Possible solutions:
#   Reduce memory load on the system
#   Increase physical memory or swap space
#   Check if swap backing store is full
#   Decrease Java heap size (-Xmx/-Xms)
#   Decrease number of Java threads
#   Decrease Java thread stack sizes (-Xss)
#   Set larger code cache with -XX:ReservedCodeCacheSize=
#   JVM is running with Unscaled Compressed Oops mode in which the Java heap is
#     placed in the first 4GB address space. The Java Heap base address is the
#     maximum limit for the native heap growth. Please use -XX:HeapBaseMinAddress
#     to set the Java Heap base and to place the Java Heap above 4GB virtual address.
# This output file may be truncated or incomplete.
#
#  Out of Memory Error (allocation.cpp:272), pid=15120, tid=0x0000000000003608
#
# JRE version: Java(TM) SE Runtime Environment (8.0_241-b07) (build 1.8.0_241-b07)
# Java VM: Java HotSpot(TM) 64-Bit Server VM (25.241-b07 mixed mode windows-amd64 compressed oops)
# Failed to write core dump. Minidumps are not enabled by default on client versions of Windows
#

---------------  T H R E A D  ---------------

Current thread (0x0000000012aff000):  JavaThread "C2 CompilerThread0" daemon [_thread_in_native, id=13832, stack(0x0000000014140000,0x0000000014240000)]

Stack: [0x0000000014140000,0x0000000014240000]
[error occurred during error reporting (printing stack bounds), id 0xc0000005]

Native frames: (J=compiled Java code, j=interpreted, Vv=VM code, C=native code)


Current CompileTask:
C2:    352  269       4       jdk.internal.org.objectweb.asm.ByteVector::putUTF8 (142 bytes)


---------------  P R O C E S S  ---------------

Java Threads: ( => current thread )
  0x0000000014478800 JavaThread "Service Thread" daemon [_thread_blocked, id=12044, stack(0x0000000014840000,0x0000000014940000)]
  0x0000000012b11800 JavaThread "C1 CompilerThread2" daemon [_thread_in_native, id=13168, stack(0x0000000014340000,0x0000000014440000)]
  0x0000000012b02000 JavaThread "C2 CompilerThread1" daemon [_thread_blocked, id=10172, stack(0x0000000014240000,0x0000000014340000)]
=>0x0000000012aff000 JavaThread "C2 CompilerThread0" daemon [_thread_in_native, id=13832, stack(0x0000000014140000,0x0000000014240000)]
  0x0000000012afd800 JavaThread "Attach Listener" daemon [_thread_blocked, id=4944, stack(0x0000000014040000,0x0000000014140000)]
  0x0000000012afa800 JavaThread "Signal Dispatcher" daemon [_thread_blocked, id=5700, stack(0x0000000013f40000,0x0000000014040000)]
  0x0000000012adb000 JavaThread "Finalizer" daemon [_thread_blocked, id=1552, stack(0x0000000013d40000,0x0000000013e40000)]
  0x0000000012ada000 JavaThread "Reference Handler" daemon [_thread_blocked, id=3036, stack(0x0000000013c40000,0x0000000013d40000)]
  0x0000000002694000 JavaThread "main" [_thread_in_vm, id=8956, stack(0x0000000002490000,0x0000000002590000)]

Other Threads:
  0x0000000012ab6800 VMThread [stack: 0x0000000013b40000,0x0000000013c40000] [id=1284]
  0x0000000012b4e800 WatcherThread [stack: 0x0000000014940000,0x0000000014a40000] [id=14072]

VM state:not at safepoint (normal execution)

VM Mutex/Monitor currently owned by a thread:  ([mutex/lock_event])
[0x0000000002690ad0] SymbolTable_lock - owner thread: 0x0000000002694000

heap address: 0x00000000fc000000, size: 64 MB, Compressed Oops mode: 32-bit
Narrow klass base: 0x0000000000000000, Narrow klass shift: 3
Compressed class space size: 1073741824 Address: 0x0000000100000000

Heap:
 PSYoungGen      total 18944K, used 3648K [0x00000000feb00000, 0x0000000100000000, 0x0000000100000000)
  eden space 16384K, 22% used [0x00000000feb00000,0x00000000fee901a8,0x00000000ffb00000)
  from space 2560K, 0% used [0x00000000ffd80000,0x00000000ffd80000,0x0000000100000000)
  to   space 2560K, 0% used [0x00000000ffb00000,0x00000000ffb00000,0x00000000ffd80000)
 ParOldGen       total 44032K, used 0K [0x00000000fc000000, 0x00000000feb00000, 0x00000000feb00000)
  object space 44032K, 0% used [0x00000000fc000000,0x00000000fc000000,0x00000000feb00000)
 Metaspace       used 4695K, capacity 5004K, committed 5248K, reserved 1056768K
  class space    used 537K, capacity 626K, committed 640K, reserved 1048576K

Card table byte_map: [0x00000000023e0000,0x0000000002410000] byte_map_base: 0x0000000001c00000

Marking Bits: (ParMarkBitMap*) 0x0000000076f2be30
 Begin Bits: [0x0000000011f50000, 0x0000000012050000)
 End Bits:   [0x0000000012050000, 0x0000000012150000)

Polling page: 0x00000000023b0000

CodeCache: size=245760Kb used=1528Kb max_used=1528Kb free=244231Kb
 bounds [0x0000000002790000, 0x0000000002a00000, 0x0000000011790000]
 total_blobs=560 nmethods=265 adapters=208
 compilation: enabled

Compilation events (10 events):
Event: 0.293 Thread 0x0000000012b11800  248       3       java.util.Arrays$ArrayList::size (6 bytes)
Event: 0.293 Thread 0x0000000012b11800 nmethod 248 0x0000000002908d90 code [0x0000000002908ee0, 0x0000000002909030]
Event: 0.293 Thread 0x0000000012b11800  249       3       java.util.AbstractList$Itr::hasNext (20 bytes)
Event: 0.293 Thread 0x0000000012b11800 nmethod 249 0x00000000029093d0 code [0x0000000002909540, 0x00000000029097c8]
Event: 0.293 Thread 0x0000000012b11800  252       3       java.util.Collections$UnmodifiableCollection$1::hasNext (10 bytes)
Event: 0.293 Thread 0x0000000012b11800 nmethod 252 0x0000000002909890 code [0x0000000002909a00, 0x0000000002909c28]
Event: 0.293 Thread 0x0000000012b11800  253       3       java.lang.invoke.InvokerBytecodeGenerator::isStaticallyNameable (116 bytes)
Event: 0.295 Thread 0x0000000012b11800 nmethod 253 0x000000000290a150 code [0x000000000290a4c0, 0x000000000290c598]
Event: 0.295 Thread 0x0000000012b11800  259       3       jdk.internal.org.objectweb.asm.Frame::execute (2252 bytes)
Event: 0.298 Thread 0x0000000012aff000  269       4       jdk.internal.org.objectweb.asm.ByteVector::putUTF8 (142 bytes)

GC Heap History (0 events):
No events

Deoptimization events (0 events):
No events

Classes redefined (0 events):
No events

Internal exceptions (7 events):
Event: 0.043 Thread 0x0000000002694000 Exception <a 'java/lang/NoSuchMethodError': Method sun.misc.Unsafe.defineClass(Ljava/lang/String;[BII)Ljava/lang/Class; name or signature does not match> (0x00000000feb07cc0) thrown at [C:\ade\jenkins\workspace\8-2-build-windows-amd64-cygwin\jdk8u241\331\
Event: 0.043 Thread 0x0000000002694000 Exception <a 'java/lang/NoSuchMethodError': Method sun.misc.Unsafe.prefetchRead(Ljava/lang/Object;J)V name or signature does not match> (0x00000000feb07fa8) thrown at [C:\ade\jenkins\workspace\8-2-build-windows-amd64-cygwin\jdk8u241\331\hotspot\src\share\
Event: 0.169 Thread 0x0000000002694000 Exception <a 'java/security/PrivilegedActionException'> (0x00000000fec5dec8) thrown at [C:\ade\jenkins\workspace\8-2-build-windows-amd64-cygwin\jdk8u241\331\hotspot\src\share\vm\prims\jvm.cpp, line 1502]
Event: 0.169 Thread 0x0000000002694000 Exception <a 'java/security/PrivilegedActionException'> (0x00000000fec5e0d8) thrown at [C:\ade\jenkins\workspace\8-2-build-windows-amd64-cygwin\jdk8u241\331\hotspot\src\share\vm\prims\jvm.cpp, line 1502]
Event: 0.170 Thread 0x0000000002694000 Exception <a 'java/security/PrivilegedActionException'> (0x00000000fec61fe8) thrown at [C:\ade\jenkins\workspace\8-2-build-windows-amd64-cygwin\jdk8u241\331\hotspot\src\share\vm\prims\jvm.cpp, line 1502]
Event: 0.170 Thread 0x0000000002694000 Exception <a 'java/security/PrivilegedActionException'> (0x00000000fec621f8) thrown at [C:\ade\jenkins\workspace\8-2-build-windows-amd64-cygwin\jdk8u241\331\hotspot\src\share\vm\prims\jvm.cpp, line 1502]
Event: 0.299 Thread 0x0000000002694000 Exception <a 'java/lang/NoSuchFieldError': method resolution failed> (0x00000000fee26448) thrown at [C:\ade\jenkins\workspace\8-2-build-windows-amd64-cygwin\jdk8u241\331\hotspot\src\share\vm\prims\methodHandles.cpp, line 1167]

Events (10 events):
Event: 0.282 loading class java/lang/invoke/WrongMethodTypeException
Event: 0.283 loading class java/lang/invoke/WrongMethodTypeException done
Event: 0.285 loading class java/lang/invoke/MethodHandleImpl$Lazy
Event: 0.285 loading class java/lang/invoke/MethodHandleImpl$Lazy done
Event: 0.285 loading class java/lang/invoke/MethodHandleImpl$IntrinsicMethodHandle
Event: 0.285 loading class java/lang/invoke/MethodHandleImpl$IntrinsicMethodHandle done
Event: 0.298 loading class java/lang/NoSuchFieldError
Event: 0.299 loading class java/lang/NoSuchFieldError done
Event: 0.299 loading class java/lang/IllegalAccessException
Event: 0.299 loading class java/lang/IllegalAccessException done


Dynamic libraries:
0x00007ff6d4c80000 - 0x00007ff6d4cb7000 	C:\Program Files\Java\jdk1.8.0_241\bin\java.exe
0x00007ffd7f5f0000 - 0x00007ffd7f7e6000 	C:\Windows\SYSTEM32\ntdll.dll
0x00007ffd7f1e0000 - 0x00007ffd7f29d000 	C:\Windows\System32\KERNEL32.DLL
0x00007ffd7cf90000 - 0x00007ffd7d259000 	C:\Windows\System32\KERNELBASE.dll
0x00007ffd7ef30000 - 0x00007ffd7efdc000 	C:\Windows\System32\ADVAPI32.dll
0x00007ffd7ea90000 - 0x00007ffd7eb2e000 	C:\Windows\System32\msvcrt.dll
0x00007ffd7ee90000 - 0x00007ffd7ef2c000 	C:\Windows\System32\sechost.dll
0x00007ffd7db70000 - 0x00007ffd7dc9b000 	C:\Windows\System32\RPCRT4.dll
0x00007ffd7f040000 - 0x00007ffd7f1e0000 	C:\Windows\System32\USER32.dll
0x00007ffd7d620000 - 0x00007ffd7d642000 	C:\Windows\System32\win32u.dll
0x00007ffd7e820000 - 0x00007ffd7e84a000 	C:\Windows\System32\GDI32.dll
0x00007ffd7ce30000 - 0x00007ffd7cf39000 	C:\Windows\System32\gdi32full.dll
0x00007ffd7d340000 - 0x00007ffd7d3dd000 	C:\Windows\System32\msvcp_win.dll
0x00007ffd7cd30000 - 0x00007ffd7ce30000 	C:\Windows\System32\ucrtbase.dll
0x00007ffd66060000 - 0x00007ffd662fb000 	C:\Windows\WinSxS\amd64_microsoft.windows.common-controls_6595b64144ccf1df_6.0.19041.488_none_ca04af081b815d21\COMCTL32.dll
0x00007ffd7e850000 - 0x00007ffd7e880000 	C:\Windows\System32\IMM32.DLL
0x00000000776e0000 - 0x00000000777b2000 	C:\Program Files\Java\jdk1.8.0_241\jre\bin\msvcr100.dll
0x0000000076700000 - 0x0000000076fac000 	C:\Program Files\Java\jdk1.8.0_241\jre\bin\server\jvm.dll
0x00007ffd7e630000 - 0x00007ffd7e638000 	C:\Windows\System32\PSAPI.DLL
0x00007ffd6a100000 - 0x00007ffd6a127000 	C:\Windows\SYSTEM32\WINMM.dll
0x00007ffd77e70000 - 0x00007ffd77e79000 	C:\Windows\SYSTEM32\WSOCK32.dll
0x00007ffd7e720000 - 0x00007ffd7e78b000 	C:\Windows\System32\WS2_32.dll
0x00007ffd77050000 - 0x00007ffd7705a000 	C:\Windows\SYSTEM32\VERSION.dll
0x00007ffd6b220000 - 0x00007ffd6b22f000 	C:\Program Files\Java\jdk1.8.0_241\jre\bin\verify.dll
0x00007ffd6b1b0000 - 0x00007ffd6b1d9000 	C:\Program Files\Java\jdk1.8.0_241\jre\bin\java.dll
0x00007ffd69cb0000 - 0x00007ffd69cc6000 	C:\Program Files\Java\jdk1.8.0_241\jre\bin\zip.dll
0x00007ffd7dd50000 - 0x00007ffd7e492000 	C:\Windows\System32\SHELL32.dll
0x00007ffd7ae60000 - 0x00007ffd7b5f5000 	C:\Windows\SYSTEM32\windows.storage.dll
0x00007ffd7eb30000 - 0x00007ffd7ee86000 	C:\Windows\System32\combase.dll
0x00007ffd7c7a0000 - 0x00007ffd7c7cc000 	C:\Windows\SYSTEM32\Wldp.dll
0x00007ffd7dca0000 - 0x00007ffd7dd4e000 	C:\Windows\System32\SHCORE.dll
0x00007ffd7e880000 - 0x00007ffd7e8d5000 	C:\Windows\System32\shlwapi.dll
0x00007ffd7cc60000 - 0x00007ffd7cc86000 	C:\Windows\SYSTEM32\profapi.dll
0x00007ffd5a760000 - 0x00007ffd5a77a000 	C:\Program Files\Java\jdk1.8.0_241\jre\bin\net.dll
0x00007ffd7c520000 - 0x00007ffd7c58a000 	C:\Windows\system32\mswsock.dll
0x00007ffd55e40000 - 0x00007ffd55e52000 	C:\Program Files\Java\jdk1.8.0_241\jre\bin\nio.dll

VM Arguments:
jvm_args: -Xmx64m -Xms64m -Dorg.gradle.appname=gradlew 
java_command: org.gradle.wrapper.GradleWrapperMain app:installDebug -PreactNativeDevServerPort=8081
java_class_path (initial): E:\SocialApp\android\\gradle\wrapper\gradle-wrapper.jar
Launcher Type: SUN_STANDARD

Environment Variables:
JAVA_HOME=C:\Program Files\Java\jdk1.8.0_241
CLASSPATH=E:\SocialApp\android\\gradle\wrapper\gradle-wrapper.jar
PATH=E:\SocialApp\android\node_modules\.bin;E:\SocialApp\node_modules\.bin;E:\node_modules\.bin;C:\Program Files\nodejs;C:\Users\QUOCNG~1\AppData\Local\Temp\yarn--1609938754730-0.18674594244212184;E:\SocialApp\node_modules\.bin;C:\Users\Quoc Nguyen\AppData\Local\Yarn\Data\link\node_modules\.bin;C:\Users\Quoc Nguyen\AppData\Local\Yarn\bin;C:\Program Files\libexec\lib\node_modules\npm\bin\node-gyp-bin;C:\Program Files\lib\node_modules\npm\bin\node-gyp-bin;C:\Program Files\nodejs\node_modules\npm\bin\node-gyp-bin;C:\Program Files (x86)\Common Files\Oracle\Java\javapath;C:\Windows\system32;C:\Windows;C:\Windows\System32\Wbem;C:\Windows\System32\WindowsPowerShell\v1.0\;C:\Windows\System32\OpenSSH\;C:\Program Files\Git\cmd;C:\Program Files\nodejs\;C:\Program Files\MongoDB\Server\4.4\bin\;C:\Program Files\dotnet\;C:\Program Files\Microsoft SQL Server\130\Tools\Binn\;C:\Program Files\Microsoft SQL Server\Client SDK\ODBC\170\Tools\Binn\;C:\Program Files (x86)\Microsoft SQL Server\150\Tools\Binn\;C:\Program Files\Microsoft SQL Server\150\Tools\Binn\;C:\Program Files\Microsoft SQL Server\150\DTS\Binn\;C:\Program Files (x86)\Microsoft SQL Server\150\DTS\Binn\;E:\mongodb-database-tools-windows-x86_64-100.2.0\mongodb-database-tools-windows-x86_64-100.2.0\bin;C:\Users\Quoc Nguyen\AppData\Local\Microsoft\WindowsApps;E:\IDE\Microsoft VS Code\bin;C:\Users\Quoc Nguyen\AppData\Roaming\npm;C:\Users\Quoc Nguyen\.dotnet\tools;E:\SDK\platform-tools;C:\Program Files\heroku\bin
USERNAME=Quoc Nguyen
OS=Windows_NT
PROCESSOR_IDENTIFIER=Intel64 Family 6 Model 142 Stepping 10, GenuineIntel



---------------  S Y S T E M  ---------------

OS: Windows 10.0 , 64 bit Build 19041 (10.0.19041.662)

CPU:total 4 (initial active 4) (2 cores per cpu, 2 threads per core) family 6 model 142 stepping 10, cmov, cx8, fxsr, mmx, sse, sse2, sse3, ssse3, sse4.1, sse4.2, popcnt, avx, avx2, aes, clmul, erms, 3dnowpref, lzcnt, ht, tsc, tscinvbit, bmi1, bmi2, adx

Memory: 4k page, physical 8265028k(1408132k free), swap 22852424k(352k free)

vm_info: Java HotSpot(TM) 64-Bit Server VM (25.241-b07) for windows-amd64 JRE (1.8.0_241-b07), built on Dec 11 2019 10:21:40 by "rejava" with MS VC++ 10.0 (VS2010)

time: Wed Jan 06 20:12:47 2021
timezone: SE Asia Standard Time
elapsed time: 0 seconds (0d 0h 0m 0s)

